[INFO] Scanning for projects...
[INFO] 
[INFO] ------------------< com.prismhire:prismhire-backend >-------------------
[INFO] Building prismhire-backend 0.0.1-SNAPSHOT
[INFO]   from pom.xml
[INFO] --------------------------------[ jar ]---------------------------------
Downloading from central: https://repo.maven.apache.org/maven2/org/apache/maven/plugins/maven-surefire-plugin/3.1.2/maven-surefire-plugin-3.1.2.pom
Progress (1): 832 B
Progress (1): 2.1 kB
Progress (1): 4.8 kB
Progress (1): 5.5 kB
                    
Downloaded from central: https://repo.maven.apache.org/maven2/org/apache/maven/plugins/maven-surefire-plugin/3.1.2/maven-surefire-plugin-3.1.2.pom (5.5 kB at 8.7 kB/s)
Downloading from central: https://repo.maven.apache.org/maven2/org/apache/maven/surefire/surefire/3.1.2/surefire-3.1.2.pom
Progress (1): 779 B
Progress (1): 1.7 kB
Progress (1): 3.6 kB
Progress (1): 5.8 kB
Progress (1): 9.7 kB
Progress (1): 13 kB 
Progress (1): 15 kB
Progress (1): 17 kB
Progress (1): 20 kB
Progress (1): 22 kB
                   
Downloaded from central: https://repo.maven.apache.org/maven2/org/apache/maven/surefire/surefire/3.1.2/surefire-3.1.2.pom (22 kB at 291 kB/s)
Downloading from central: https://repo.maven.apache.org/maven2/org/apache/maven/plugins/maven-jar-plugin/3.3.0/maven-jar-plugin-3.3.0.pom
Progress (1): 787 B
Progress (1): 1.7 kB
Progress (1): 4.2 kB
Progress (1): 6.5 kB
Progress (1): 6.8 kB
                    
Downloaded from central: https://repo.maven.apache.org/maven2/org/apache/maven/plugins/maven-jar-plugin/3.3.0/maven-jar-plugin-3.3.0.pom (6.8 kB at 89 kB/s)
Downloading from central: https://repo.maven.apache.org/maven2/org/apache/maven/plugins/maven-plugins/37/maven-plugins-37.pom
Progress (1): 753 B
Progress (1): 1.7 kB
Progress (1): 3.7 kB
Progress (1): 6.4 kB
Progress (1): 8.2 kB
Progress (1): 9.9 kB
                    
Downloaded from central: https://repo.maven.apache.org/maven2/org/apache/maven/plugins/maven-plugins/37/maven-plugins-37.pom (9.9 kB at 105 kB/s)
[INFO] 
[INFO] --- clean:3.3.2:clean (default-clean) @ prismhire-backend ---
[INFO] Deleting C:\Users\chait\Desktop\WEB\PRISMHIRE\Prism Hire\server-java\target
[INFO] 
[INFO] --- resources:3.3.1:resources (default-resources) @ prismhire-backend ---
[INFO] Copying 1 resource from src\main\resources to target\classes
[INFO] Copying 1 resource from src\main\resources to target\classes
[INFO] 
[INFO] --- compiler:3.11.0:compile (default-compile) @ prismhire-backend ---
[INFO] Changes detected - recompiling the module! :source
[INFO] Compiling 31 source files with javac [debug release 25] to target\classes
[INFO] 
[INFO] --- resources:3.3.1:testResources (default-testResources) @ prismhire-backend ---
[INFO] skip non existing resourceDirectory C:\Users\chait\Desktop\WEB\PRISMHIRE\Prism Hire\server-java\src\test\resources
[INFO] 
[INFO] --- compiler:3.11.0:testCompile (default-testCompile) @ prismhire-backend ---
[INFO] No sources to compile
[INFO] 
[INFO] --- surefire:3.1.2:test (default-test) @ prismhire-backend ---
Downloading from central: https://repo.maven.apache.org/maven2/org/apache/maven/surefire/maven-surefire-common/3.1.2/maven-surefire-common-3.1.2.pom
Progress (1): 834 B
Progress (1): 2.3 kB
Progress (1): 5.4 kB
Progress (1): 6.1 kB
                    
Downloaded from central: https://repo.maven.apache.org/maven2/org/apache/maven/surefire/maven-surefire-common/3.1.2/maven-surefire-common-3.1.2.pom (6.1 kB at 74 kB/s)
Downloading from central: https://repo.maven.apache.org/maven2/org/apache/maven/surefire/surefire-api/3.1.2/surefire-api-3.1.2.pom
Progress (1): 842 B
Progress (1): 2.1 kB
Progress (1): 3.5 kB
                    
Downloaded from central: https://repo.maven.apache.org/maven2/org/apache/maven/surefire/surefire-api/3.1.2/surefire-api-3.1.2.pom (3.5 kB at 45 kB/s)
Downloading from central: https://repo.maven.apache.org/maven2/org/apache/maven/surefire/surefire-logger-api/3.1.2/surefire-logger-api-3.1.2.pom
Progress (1): 833 B
Progress (1): 1.8 kB
Progress (1): 3.3 kB
                    
Downloaded from central: https://repo.maven.apache.org/maven2/org/apache/maven/surefire/surefire-logger-api/3.1.2/surefire-logger-api-3.1.2.pom (3.3 kB at 41 kB/s)
Downloading from central: https://repo.maven.apache.org/maven2/org/apache/maven/surefire/surefire-shared-utils/3.1.2/surefire-shared-utils-3.1.2.pom
Progress (1): 1.1 kB
Progress (1): 3.4 kB
Progress (1): 4.1 kB
                    
Downloaded from central: https://repo.maven.apache.org/maven2/org/apache/maven/surefire/surefire-shared-utils/3.1.2/surefire-shared-utils-3.1.2.pom (4.1 kB at 60 kB/s)
Downloading from central: https://repo.maven.apache.org/maven2/org/apache/maven/surefire/surefire-extensions-api/3.1.2/surefire-extensions-api-3.1.2.pom
Progress (1): 843 B
Progress (1): 2.2 kB
Progress (1): 3.3 kB
                    
Downloaded from central: https://repo.maven.apache.org/maven2/org/apache/maven/surefire/surefire-extensions-api/3.1.2/surefire-extensions-api-3.1.2.pom (3.3 kB at 41 kB/s)
Downloading from central: https://repo.maven.apache.org/maven2/org/apache/maven/surefire/surefire-booter/3.1.2/surefire-booter-3.1.2.pom
Progress (1): 834 B
Progress (1): 2.1 kB
Progress (1): 4.5 kB
                    
Downloaded from central: https://repo.maven.apache.org/maven2/org/apache/maven/surefire/surefire-booter/3.1.2/surefire-booter-3.1.2.pom (4.5 kB at 73 kB/s)
Downloading from central: https://repo.maven.apache.org/maven2/org/apache/maven/surefire/surefire-extensions-spi/3.1.2/surefire-extensions-spi-3.1.2.pom
Progress (1): 861 B
Progress (1): 1.8 kB
                    
Downloaded from central: https://repo.maven.apache.org/maven2/org/apache/maven/surefire/surefire-extensions-spi/3.1.2/surefire-extensions-spi-3.1.2.pom (1.8 kB at 24 kB/s)
Downloading from central: https://repo.maven.apache.org/maven2/org/apache/maven/shared/maven-common-artifact-filters/3.1.1/maven-common-artifact-filters-3.1.1.pom
Progress (1): 798 B
Progress (1): 1.8 kB
Progress (1): 4.5 kB
Progress (1): 5.8 kB
                    
Downloaded from central: https://repo.maven.apache.org/maven2/org/apache/maven/shared/maven-common-artifact-filters/3.1.1/maven-common-artifact-filters-3.1.1.pom (5.8 kB at 98 kB/s)
Downloading from central: https://repo.maven.apache.org/maven2/org/apache/maven/maven-artifact/3.2.5/maven-artifact-3.2.5.pom
Progress (1): 843 B
Progress (1): 1.9 kB
Progress (1): 2.3 kB
                    
Downloaded from central: https://repo.maven.apache.org/maven2/org/apache/maven/maven-artifact/3.2.5/maven-artifact-3.2.5.pom (2.3 kB at 33 kB/s)
Downloading from central: https://repo.maven.apache.org/maven2/org/apache/maven/maven/3.2.5/maven-3.2.5.pom
Progress (1): 759 B
Progress (1): 1.6 kB
Progress (1): 3.1 kB
Progress (1): 4.7 kB
Progress (1): 9.1 kB
Progress (1): 14 kB 
Progress (1): 18 kB
Progress (1): 20 kB
Progress (1): 22 kB
                   
Downloaded from central: https://repo.maven.apache.org/maven2/org/apache/maven/maven/3.2.5/maven-3.2.5.pom (22 kB at 306 kB/s)
Downloading from central: https://repo.maven.apache.org/maven2/org/apache/maven/maven-parent/25/maven-parent-25.pom
Progress (1): 730 B
Progress (1): 2.0 kB
Progress (1): 6.0 kB
Progress (1): 11 kB 
Progress (1): 15 kB
Progress (1): 19 kB
Progress (1): 23 kB
Progress (1): 23 kB
Progress (1): 25 kB
Progress (1): 28 kB
Progress (1): 31 kB
Progress (1): 34 kB
Progress (1): 37 kB
                   
Downloaded from central: https://repo.maven.apache.org/maven2/org/apache/maven/maven-parent/25/maven-parent-25.pom (37 kB at 363 kB/s)
Downloading from central: https://repo.maven.apache.org/maven2/org/apache/apache/15/apache-15.pom
Progress (1): 754 B
Progress (1): 2.1 kB
Progress (1): 3.9 kB
Progress (1): 7.9 kB
Progress (1): 11 kB 
Progress (1): 14 kB
Progress (1): 15 kB
                   
Downloaded from central: https://repo.maven.apache.org/maven2/org/apache/apache/15/apache-15.pom (15 kB at 48 kB/s)
Downloading from central: https://repo.maven.apache.org/maven2/org/apache/maven/maven-core/3.2.5/maven-core-3.2.5.pom
Progress (1): 794 B
Progress (1): 2.2 kB
Progress (1): 5.3 kB
Progress (1): 8.1 kB
                    
Downloaded from central: https://repo.maven.apache.org/maven2/org/apache/maven/maven-core/3.2.5/maven-core-3.2.5.pom (8.1 kB at 85 kB/s)
Downloading from central: https://repo.maven.apache.org/maven2/org/apache/maven/maven-settings/3.2.5/maven-settings-3.2.5.pom
Progress (1): 823 B
Progress (1): 2.2 kB
                    
Downloaded from central: https://repo.maven.apache.org/maven2/org/apache/maven/maven-settings/3.2.5/maven-settings-3.2.5.pom (2.2 kB at 16 kB/s)
Downloading from central: https://repo.maven.apache.org/maven2/org/apache/maven/maven-settings-builder/3.2.5/maven-settings-builder-3.2.5.pom
Progress (1): 823 B
Progress (1): 2.6 kB
                    
Downloaded from central: https://repo.maven.apache.org/maven2/org/apache/maven/maven-settings-builder/3.2.5/maven-settings-builder-3.2.5.pom (2.6 kB at 33 kB/s)
Downloading from central: https://repo.maven.apache.org/maven2/org/codehaus/plexus/plexus-interpolation/1.21/plexus-interpolation-1.21.pom
Progress (1): 1.3 kB
Progress (1): 1.5 kB
                    
Downloaded from central: https://repo.maven.apache.org/maven2/org/codehaus/plexus/plexus-interpolation/1.21/plexus-interpolation-1.21.pom (1.5 kB at 18 kB/s)
Downloading from central: https://repo.maven.apache.org/maven2/org/codehaus/plexus/plexus-components/1.3.1/plexus-components-1.3.1.pom
Progress (1): 1.3 kB
Progress (1): 3.1 kB
                    
Downloaded from central: https://repo.maven.apache.org/maven2/org/codehaus/plexus/plexus-components/1.3.1/plexus-components-1.3.1.pom (3.1 kB at 41 kB/s)
Downloading from central: https://repo.maven.apache.org/maven2/org/codehaus/plexus/plexus/3.3.1/plexus-3.3.1.pom
Progress (1): 707 B
Progress (1): 2.6 kB
Progress (1): 6.1 kB
Progress (1): 8.6 kB
Progress (1): 11 kB 
Progress (1): 16 kB
Progress (1): 20 kB
Progress (1): 20 kB
                   
Downloaded from central: https://repo.maven.apache.org/maven2/org/codehaus/plexus/plexus/3.3.1/plexus-3.3.1.pom (20 kB at 335 kB/s)
Downloading from central: https://repo.maven.apache.org/maven2/org/sonatype/spice/spice-parent/17/spice-parent-17.pom
Progress (1): 1.2 kB
Progress (1): 3.4 kB
Progress (1): 6.7 kB
Progress (1): 6.8 kB
                    
Downloaded from central: https://repo.maven.apache.org/maven2/org/sonatype/spice/spice-parent/17/spice-parent-17.pom (6.8 kB at 121 kB/s)
Downloading from central: https://repo.maven.apache.org/maven2/org/sonatype/forge/forge-parent/10/forge-parent-10.pom
Progress (1): 735 B
Progress (1): 2.6 kB
Progress (1): 8.6 kB
Progress (1): 12 kB 
Progress (1): 14 kB
                   
Downloaded from central: https://repo.maven.apache.org/maven2/org/sonatype/forge/forge-parent/10/forge-parent-10.pom (14 kB at 199 kB/s)
Downloading from central: https://repo.maven.apache.org/maven2/org/sonatype/plexus/plexus-sec-dispatcher/1.3/plexus-sec-dispatcher-1.3.pom
Progress (1): 1.3 kB
Progress (1): 3.0 kB
                    
Downloaded from central: https://repo.maven.apache.org/maven2/org/sonatype/plexus/plexus-sec-dispatcher/1.3/plexus-sec-dispatcher-1.3.pom (3.0 kB at 44 kB/s)
Downloading from central: https://repo.maven.apache.org/maven2/org/sonatype/spice/spice-parent/12/spice-parent-12.pom
Progress (1): 1.2 kB
Progress (1): 4.2 kB
Progress (1): 6.8 kB
                    
Downloaded from central: https://repo.maven.apache.org/maven2/org/sonatype/spice/spice-parent/12/spice-parent-12.pom (6.8 kB at 111 kB/s)
Downloading from central: https://repo.maven.apache.org/maven2/org/sonatype/forge/forge-parent/4/forge-parent-4.pom
Progress (1): 1.4 kB
Progress (1): 5.8 kB
Progress (1): 8.4 kB
                    
Downloaded from central: https://repo.maven.apache.org/maven2/org/sonatype/forge/forge-parent/4/forge-parent-4.pom (8.4 kB at 108 kB/s)
Downloading from central: https://repo.maven.apache.org/maven2/org/sonatype/plexus/plexus-cipher/1.4/plexus-cipher-1.4.pom
Progress (1): 1.4 kB
Progress (1): 2.1 kB
                    
Downloaded from central: https://repo.maven.apache.org/maven2/org/sonatype/plexus/plexus-cipher/1.4/plexus-cipher-1.4.pom (2.1 kB at 36 kB/s)
Downloading from central: https://repo.maven.apache.org/maven2/org/apache/maven/maven-repository-metadata/3.2.5/maven-repository-metadata-3.2.5.pom
Progress (1): 823 B
Progress (1): 2.2 kB
                    
Downloaded from central: https://repo.maven.apache.org/maven2/org/apache/maven/maven-repository-metadata/3.2.5/maven-repository-metadata-3.2.5.pom (2.2 kB at 29 kB/s)
Downloading from central: https://repo.maven.apache.org/maven2/org/apache/maven/maven-plugin-api/3.2.5/maven-plugin-api-3.2.5.pom
Progress (1): 816 B
Progress (1): 2.5 kB
Progress (1): 3.0 kB
                    
Downloaded from central: https://repo.maven.apache.org/maven2/org/apache/maven/maven-plugin-api/3.2.5/maven-plugin-api-3.2.5.pom (3.0 kB at 38 kB/s)
Downloading from central: https://repo.maven.apache.org/maven2/org/eclipse/sisu/org.eclipse.sisu.plexus/0.3.5/org.eclipse.sisu.plexus-0.3.5.pom
Progress (1): 909 B
Progress (1): 3.2 kB
Progress (1): 4.3 kB
                    
Downloaded from central: https://repo.maven.apache.org/maven2/org/eclipse/sisu/org.eclipse.sisu.plexus/0.3.5/org.eclipse.sisu.plexus-0.3.5.pom (4.3 kB at 54 kB/s)
Downloading from central: https://repo.maven.apache.org/maven2/org/eclipse/sisu/sisu-plexus/0.3.5/sisu-plexus-0.3.5.pom
Progress (1): 861 B
Progress (1): 2.9 kB
Progress (1): 5.2 kB
Progress (1): 9.8 kB
Progress (1): 11 kB 
Progress (1): 14 kB
                   
Downloaded from central: https://repo.maven.apache.org/maven2/org/eclipse/sisu/sisu-plexus/0.3.5/sisu-plexus-0.3.5.pom (14 kB at 161 kB/s)
Downloading from central: https://repo.maven.apache.org/maven2/javax/annotation/javax.annotation-api/1.2/javax.annotation-api-1.2.pom
Progress (1): 702 B
Progress (1): 2.0 kB
Progress (1): 3.5 kB
Progress (1): 5.5 kB
Progress (1): 8.7 kB
Progress (1): 12 kB 
Progress (1): 13 kB
                   
Downloaded from central: https://repo.maven.apache.org/maven2/javax/annotation/javax.annotation-api/1.2/javax.annotation-api-1.2.pom (13 kB at 22 kB/s)
Downloading from central: https://repo.maven.apache.org/maven2/net/java/jvnet-parent/3/jvnet-parent-3.pom
Progress (1): 838 B
Progress (1): 2.5 kB
Progress (1): 4.8 kB
                    
Downloaded from central: https://repo.maven.apache.org/maven2/net/java/jvnet-parent/3/jvnet-parent-3.pom (4.8 kB at 26 kB/s)
Downloading from central: https://repo.maven.apache.org/maven2/javax/enterprise/cdi-api/1.2/cdi-api-1.2.pom
Progress (1): 1.0 kB
Progress (1): 3.3 kB
Progress (1): 5.8 kB
Progress (1): 6.3 kB
                    
Downloaded from central: https://repo.maven.apache.org/maven2/javax/enterprise/cdi-api/1.2/cdi-api-1.2.pom (6.3 kB at 53 kB/s)
Downloading from central: https://repo.maven.apache.org/maven2/org/jboss/weld/weld-parent/26/weld-parent-26.pom
Progress (1): 1.0 kB
Progress (1): 2.9 kB
Progress (1): 6.3 kB
Progress (1): 11 kB 
Progress (1): 16 kB
Progress (1): 19 kB
Progress (1): 22 kB
Progress (1): 26 kB
Progress (1): 31 kB
Progress (1): 32 kB
                   
Downloaded from central: https://repo.maven.apache.org/maven2/org/jboss/weld/weld-parent/26/weld-parent-26.pom (32 kB at 376 kB/s)
Downloading from central: https://repo.maven.apache.org/maven2/org/eclipse/sisu/org.eclipse.sisu.inject/0.3.5/org.eclipse.sisu.inject-0.3.5.pom
Progress (1): 914 B
Progress (1): 2.6 kB
                    
Downloaded from central: https://repo.maven.apache.org/maven2/org/eclipse/sisu/org.eclipse.sisu.inject/0.3.5/org.eclipse.sisu.inject-0.3.5.pom (2.6 kB at 27 kB/s)
Downloading from central: https://repo.maven.apache.org/maven2/org/eclipse/sisu/sisu-inject/0.3.5/sisu-inject-0.3.5.pom
Progress (1): 860 B
Progress (1): 2.8 kB
Progress (1): 5.1 kB
Progress (1): 9.6 kB
Progress (1): 11 kB 
Progress (1): 14 kB
                   
Downloaded from central: https://repo.maven.apache.org/maven2/org/eclipse/sisu/sisu-inject/0.3.5/sisu-inject-0.3.5.pom (14 kB at 187 kB/s)
Downloading from central: https://repo.maven.apache.org/maven2/org/codehaus/plexus/plexus-classworlds/2.5.2/plexus-classworlds-2.5.2.pom
Progress (1): 930 B
Progress (1): 3.0 kB
Progress (1): 6.0 kB
Progress (1): 7.3 kB
                    
Downloaded from central: https://repo.maven.apache.org/maven2/org/codehaus/plexus/plexus-classworlds/2.5.2/plexus-classworlds-2.5.2.pom (7.3 kB at 111 kB/s)
Downloading from central: https://repo.maven.apache.org/maven2/org/apache/maven/maven-model-builder/3.2.5/maven-model-builder-3.2.5.pom
Progress (1): 836 B
Progress (1): 2.7 kB
Progress (1): 3.0 kB
                    
Downloaded from central: https://repo.maven.apache.org/maven2/org/apache/maven/maven-model-builder/3.2.5/maven-model-builder-3.2.5.pom (3.0 kB at 44 kB/s)
Downloading from central: https://repo.maven.apache.org/maven2/org/apache/maven/maven-aether-provider/3.2.5/maven-aether-provider-3.2.5.pom
Progress (1): 811 B
Progress (1): 3.0 kB
Progress (1): 4.2 kB
                    
Downloaded from central: https://repo.maven.apache.org/maven2/org/apache/maven/maven-aether-provider/3.2.5/maven-aether-provider-3.2.5.pom (4.2 kB at 52 kB/s)
Downloading from central: https://repo.maven.apache.org/maven2/org/eclipse/aether/aether-spi/1.0.0.v20140518/aether-spi-1.0.0.v20140518.pom
Progress (1): 934 B
Progress (1): 2.1 kB
                    
Downloaded from central: https://repo.maven.apache.org/maven2/org/eclipse/aether/aether-spi/1.0.0.v20140518/aether-spi-1.0.0.v20140518.pom (2.1 kB at 27 kB/s)
Downloading from central: https://repo.maven.apache.org/maven2/org/eclipse/aether/aether-impl/1.0.0.v20140518/aether-impl-1.0.0.v20140518.pom
Progress (1): 922 B
Progress (1): 3.5 kB
                    
Downloaded from central: https://repo.maven.apache.org/maven2/org/eclipse/aether/aether-impl/1.0.0.v20140518/aether-impl-1.0.0.v20140518.pom (3.5 kB at 30 kB/s)
Downloading from central: https://repo.maven.apache.org/maven2/org/sonatype/sisu/sisu-guice/3.2.3/sisu-guice-3.2.3.pom
Progress (1): 1.3 kB
Progress (1): 3.8 kB
Progress (1): 6.0 kB
Progress (1): 9.7 kB
Progress (1): 11 kB 
                   
Downloaded from central: https://repo.maven.apache.org/maven2/org/sonatype/sisu/sisu-guice/3.2.3/sisu-guice-3.2.3.pom (11 kB at 126 kB/s)
Downloading from central: https://repo.maven.apache.org/maven2/org/sonatype/sisu/inject/guice-parent/3.2.3/guice-parent-3.2.3.pom
Progress (1): 799 B
Progress (1): 2.7 kB
Progress (1): 5.1 kB
Progress (1): 7.6 kB
Progress (1): 10 kB 
Progress (1): 13 kB
                   
Downloaded from central: https://repo.maven.apache.org/maven2/org/sonatype/sisu/inject/guice-parent/3.2.3/guice-parent-3.2.3.pom (13 kB at 175 kB/s)
Downloading from central: https://repo.maven.apache.org/maven2/org/sonatype/forge/forge-parent/38/forge-parent-38.pom
Progress (1): 812 B
Progress (1): 2.5 kB
Progress (1): 5.0 kB
Progress (1): 8.7 kB
Progress (1): 12 kB 
Progress (1): 16 kB
Progress (1): 19 kB
                   
Downloaded from central: https://repo.maven.apache.org/maven2/org/sonatype/forge/forge-parent/38/forge-parent-38.pom (19 kB at 247 kB/s)
Downloading from central: https://repo.maven.apache.org/maven2/aopalliance/aopalliance/1.0/aopalliance-1.0.pom
Progress (1): 363 B
                   
Downloaded from central: https://repo.maven.apache.org/maven2/aopalliance/aopalliance/1.0/aopalliance-1.0.pom (363 B at 5.1 kB/s)
Downloading from central: https://repo.maven.apache.org/maven2/com/google/guava/guava/16.0.1/guava-16.0.1.pom
Progress (1): 956 B
Progress (1): 2.8 kB
Progress (1): 5.3 kB
Progress (1): 6.1 kB
                    
Downloaded from central: https://repo.maven.apache.org/maven2/com/google/guava/guava/16.0.1/guava-16.0.1.pom (6.1 kB at 74 kB/s)
Downloading from central: https://repo.maven.apache.org/maven2/com/google/guava/guava-parent/16.0.1/guava-parent-16.0.1.pom
Progress (1): 1.1 kB
Progress (1): 2.9 kB
Progress (1): 6.3 kB
Progress (1): 7.3 kB
                    
Downloaded from central: https://repo.maven.apache.org/maven2/com/google/guava/guava-parent/16.0.1/guava-parent-16.0.1.pom (7.3 kB at 122 kB/s)
Downloading from central: https://repo.maven.apache.org/maven2/commons-io/commons-io/2.12.0/commons-io-2.12.0.pom
Progress (1): 770 B
Progress (1): 2.1 kB
Progress (1): 5.2 kB
Progress (1): 7.9 kB
Progress (1): 10 kB 
Progress (1): 12 kB
Progress (1): 15 kB
Progress (1): 18 kB
Progress (1): 20 kB
                   
Downloaded from central: https://repo.maven.apache.org/maven2/commons-io/commons-io/2.12.0/commons-io-2.12.0.pom (20 kB at 239 kB/s)
Downloading from central: https://repo.maven.apache.org/maven2/org/apache/commons/commons-parent/57/commons-parent-57.pom
Progress (1): 707 B
Progress (1): 1.9 kB
Progress (1): 3.1 kB
Progress (1): 4.6 kB
Progress (1): 6.5 kB
Progress (1): 8.4 kB
Progress (1): 10 kB 
Progress (1): 12 kB
Progress (1): 15 kB
Progress (1): 17 kB
Progress (1): 20 kB
Progress (1): 23 kB
Progress (1): 26 kB
Progress (1): 29 kB
Progress (1): 33 kB
Progress (1): 33 kB
Progress (1): 36 kB
Progress (1): 41 kB
Progress (1): 44 kB
Progress (1): 46 kB
Progress (1): 49 kB
Progress (1): 51 kB
Progress (1): 55 kB
Progress (1): 58 kB
Progress (1): 61 kB
Progress (1): 64 kB
Progress (1): 67 kB
Progress (1): 73 kB
Progress (1): 76 kB
Progress (1): 80 kB
Progress (1): 83 kB
                   
Downloaded from central: https://repo.maven.apache.org/maven2/org/apache/commons/commons-parent/57/commons-parent-57.pom (83 kB at 1.0 MB/s)
Downloading from central: https://repo.maven.apache.org/maven2/org/apache/maven/surefire/maven-surefire-common/3.1.2/maven-surefire-common-3.1.2.jar
Progress (1): 7.7/306 kB
Progress (1): 16/306 kB 
Progress (1): 32/306 kB
Progress (1): 48/306 kB
Progress (1): 65/306 kB
Progress (1): 81/306 kB
Progress (1): 98/306 kB
Progress (1): 114/306 kB
Progress (1): 130/306 kB
Progress (1): 147/306 kB
Progress (1): 163/306 kB
Progress (1): 179/306 kB
Progress (1): 196/306 kB
Progress (1): 212/306 kB
Progress (1): 229/306 kB
Progress (1): 245/306 kB
Progress (1): 261/306 kB
Progress (1): 278/306 kB
Progress (1): 294/306 kB
Progress (1): 306 kB    
                    
Downloaded from central: https://repo.maven.apache.org/maven2/org/apache/maven/surefire/maven-surefire-common/3.1.2/maven-surefire-common-3.1.2.jar (306 kB at 1.5 MB/s)
Downloading from central: https://repo.maven.apache.org/maven2/org/apache/maven/surefire/surefire-api/3.1.2/surefire-api-3.1.2.jar
Downloading from central: https://repo.maven.apache.org/maven2/org/apache/maven/surefire/surefire-extensions-api/3.1.2/surefire-extensions-api-3.1.2.jar
Downloading from central: https://repo.maven.apache.org/maven2/org/apache/maven/surefire/surefire-booter/3.1.2/surefire-booter-3.1.2.jar
Downloading from central: https://repo.maven.apache.org/maven2/org/apache/maven/surefire/surefire-logger-api/3.1.2/surefire-logger-api-3.1.2.jar
Downloading from central: https://repo.maven.apache.org/maven2/org/apache/maven/surefire/surefire-extensions-spi/3.1.2/surefire-extensions-spi-3.1.2.jar
Progress (1): 7.5/14 kB
Progress (1): 14 kB    
                   
Downloaded from central: https://repo.maven.apache.org/maven2/org/apache/maven/surefire/surefire-logger-api/3.1.2/surefire-logger-api-3.1.2.jar (14 kB at 158 kB/s)
Downloading from central: https://repo.maven.apache.org/maven2/org/apache/maven/shared/maven-common-artifact-filters/3.1.1/maven-common-artifact-filters-3.1.1.jar
Progress (1): 0.9/171 kB
Progress (1): 2.3/171 kB
Progress (1): 3.6/171 kB
Progress (1): 4.1/171 kB
Progress (1): 5.5/171 kB
Progress (2): 5.5/171 kB | 0.9/118 kB
Progress (2): 5.5/171 kB | 2.3/118 kB
Progress (2): 5.5/171 kB | 3.6/118 kB
Progress (2): 5.5/171 kB | 5.0/118 kB
Progress (2): 5.5/171 kB | 6.4/118 kB
Progress (2): 5.5/171 kB | 7.7/118 kB
Progress (2): 6.8/171 kB | 7.7/118 kB
Progress (2): 6.8/171 kB | 9.1/118 kB
Progress (2): 8.2/171 kB | 9.1/118 kB
Progress (2): 8.2/171 kB | 10/118 kB 
Progress (2): 9.6/171 kB | 10/118 kB
Progress (2): 9.6/171 kB | 12/118 kB
Progress (2): 11/171 kB | 12/118 kB 
Progress (2): 11/171 kB | 13/118 kB
Progress (2): 12/171 kB | 13/118 kB
Progress (2): 12/171 kB | 15/118 kB
Progress (2): 14/171 kB | 15/118 kB
Progress (2): 14/171 kB | 16/118 kB
Progress (2): 15/171 kB | 16/118 kB
Progress (2): 15/171 kB | 17/118 kB
Progress (2): 16/171 kB | 17/118 kB
Progress (2): 16/171 kB | 19/118 kB
Progress (2): 18/171 kB | 19/118 kB
Progress (2): 18/171 kB | 20/118 kB
Progress (2): 19/171 kB | 20/118 kB
Progress (2): 19/171 kB | 21/118 kB
Progress (2): 19/171 kB | 23/118 kB
Progress (2): 21/171 kB | 23/118 kB
Progress (2): 21/171 kB | 24/118 kB
Progress (2): 22/171 kB | 24/118 kB
Progress (2): 22/171 kB | 25/118 kB
Progress (2): 23/171 kB | 25/118 kB
Progress (2): 23/171 kB | 27/118 kB
Progress (2): 25/171 kB | 27/118 kB
Progress (2): 25/171 kB | 28/118 kB
Progress (2): 26/171 kB | 28/118 kB
Progress (2): 26/171 kB | 30/118 kB
Progress (2): 27/171 kB | 30/118 kB
Progress (2): 27/171 kB | 31/118 kB
Progress (2): 29/171 kB | 31/118 kB
Progress (2): 29/171 kB | 32/118 kB
Progress (2): 30/171 kB | 32/118 kB
Progress (2): 30/171 kB | 34/118 kB
Progress (2): 31/171 kB | 34/118 kB
Progress (2): 31/171 kB | 35/118 kB
Progress (2): 33/171 kB | 35/118 kB
Progress (2): 34/171 kB | 35/118 kB
Progress (2): 36/171 kB | 35/118 kB
Progress (2): 36/171 kB | 36/118 kB
Progress (2): 37/171 kB | 36/118 kB
Progress (2): 37/171 kB | 38/118 kB
Progress (2): 38/171 kB | 38/118 kB
Progress (3): 38/171 kB | 38/118 kB | 0.9/26 kB
Progress (3): 38/171 kB | 39/118 kB | 0.9/26 kB
Progress (3): 40/171 kB | 39/118 kB | 0.9/26 kB
Progress (3): 40/171 kB | 39/118 kB | 2.3/26 kB
Progress (3): 40/171 kB | 41/118 kB | 2.3/26 kB
Progress (3): 41/171 kB | 41/118 kB | 2.3/26 kB
Progress (3): 41/171 kB | 41/118 kB | 3.6/26 kB
Progress (3): 42/171 kB | 41/118 kB | 3.6/26 kB
Progress (3): 42/171 kB | 42/118 kB | 3.6/26 kB
Progress (3): 44/171 kB | 42/118 kB | 3.6/26 kB
Progress (4): 44/171 kB | 42/118 kB | 3.6/26 kB | 7.7/61 kB
Progress (4): 44/171 kB | 42/118 kB | 5.0/26 kB | 7.7/61 kB
Progress (4): 44/171 kB | 43/118 kB | 5.0/26 kB | 7.7/61 kB
Progress (4): 45/171 kB | 43/118 kB | 5.0/26 kB | 7.7/61 kB
Progress (4): 45/171 kB | 43/118 kB | 5.0/26 kB | 16/61 kB 
Progress (4): 45/171 kB | 43/118 kB | 6.4/26 kB | 16/61 kB
Progress (4): 45/171 kB | 45/118 kB | 6.4/26 kB | 16/61 kB
Progress (4): 45/171 kB | 45/118 kB | 7.7/26 kB | 16/61 kB
Progress (4): 47/171 kB | 45/118 kB | 7.7/26 kB | 16/61 kB
Progress (4): 47/171 kB | 46/118 kB | 7.7/26 kB | 16/61 kB
Progress (4): 47/171 kB | 46/118 kB | 7.7/26 kB | 32/61 kB
Progress (4): 47/171 kB | 46/118 kB | 9.1/26 kB | 32/61 kB
Progress (4): 48/171 kB | 46/118 kB | 9.1/26 kB | 32/61 kB
Progress (4): 48/171 kB | 47/118 kB | 9.1/26 kB | 32/61 kB
Progress (5): 48/171 kB | 47/118 kB | 9.1/26 kB | 32/61 kB | 0.9/8.2 kB
Progress (5): 48/171 kB | 47/118 kB | 10/26 kB | 32/61 kB | 0.9/8.2 kB 
Progress (5): 49/171 kB | 47/118 kB | 10/26 kB | 32/61 kB | 0.9/8.2 kB
Progress (5): 49/171 kB | 47/118 kB | 12/26 kB | 32/61 kB | 0.9/8.2 kB
Progress (5): 49/171 kB | 47/118 kB | 12/26 kB | 32/61 kB | 2.3/8.2 kB
Progress (5): 49/171 kB | 47/118 kB | 12/26 kB | 48/61 kB | 2.3/8.2 kB
Progress (5): 49/171 kB | 49/118 kB | 12/26 kB | 48/61 kB | 2.3/8.2 kB
Progress (5): 51/171 kB | 49/118 kB | 12/26 kB | 48/61 kB | 2.3/8.2 kB
Progress (5): 51/171 kB | 49/118 kB | 12/26 kB | 48/61 kB | 2.3/8.2 kB
Progress (5): 51/171 kB | 49/118 kB | 12/26 kB | 48/61 kB | 3.6/8.2 kB
Progress (5): 51/171 kB | 49/118 kB | 12/26 kB | 61 kB | 3.6/8.2 kB   
Progress (5): 52/171 kB | 49/118 kB | 12/26 kB | 61 kB | 3.6/8.2 kB
Progress (5): 52/171 kB | 50/118 kB | 12/26 kB | 61 kB | 3.6/8.2 kB
Progress (5): 52/171 kB | 50/118 kB | 14/26 kB | 61 kB | 3.6/8.2 kB
Progress (5): 53/171 kB | 50/118 kB | 14/26 kB | 61 kB | 3.6/8.2 kB
Progress (5): 53/171 kB | 50/118 kB | 14/26 kB | 61 kB | 5.0/8.2 kB
Progress (5): 55/171 kB | 50/118 kB | 14/26 kB | 61 kB | 5.0/8.2 kB
Progress (5): 55/171 kB | 51/118 kB | 14/26 kB | 61 kB | 5.0/8.2 kB
Progress (5): 55/171 kB | 51/118 kB | 15/26 kB | 61 kB | 5.0/8.2 kB
Progress (5): 55/171 kB | 53/118 kB | 15/26 kB | 61 kB | 5.0/8.2 kB
Progress (5): 55/171 kB | 53/118 kB | 15/26 kB | 61 kB | 6.4/8.2 kB
Progress (5): 55/171 kB | 54/118 kB | 15/26 kB | 61 kB | 6.4/8.2 kB
Progress (5): 59/171 kB | 54/118 kB | 15/26 kB | 61 kB | 6.4/8.2 kB
Progress (5): 59/171 kB | 54/118 kB | 16/26 kB | 61 kB | 6.4/8.2 kB
Progress (5): 59/171 kB | 54/118 kB | 16/26 kB | 61 kB | 7.5/8.2 kB
Progress (5): 59/171 kB | 56/118 kB | 16/26 kB | 61 kB | 7.5/8.2 kB
Progress (5): 63/171 kB | 56/118 kB | 16/26 kB | 61 kB | 7.5/8.2 kB
Progress (5): 63/171 kB | 56/118 kB | 18/26 kB | 61 kB | 7.5/8.2 kB
Progress (5): 63/171 kB | 56/118 kB | 18/26 kB | 61 kB | 8.2 kB    
Progress (5): 63/171 kB | 56/118 kB | 19/26 kB | 61 kB | 8.2 kB
Progress (5): 67/171 kB | 56/118 kB | 19/26 kB | 61 kB | 8.2 kB
Progress (5): 67/171 kB | 60/118 kB | 19/26 kB | 61 kB | 8.2 kB
Progress (5): 67/171 kB | 60/118 kB | 21/26 kB | 61 kB | 8.2 kB
Progress (5): 67/171 kB | 64/118 kB | 21/26 kB | 61 kB | 8.2 kB
Progress (5): 67/171 kB | 64/118 kB | 22/26 kB | 61 kB | 8.2 kB
Progress (5): 72/171 kB | 64/118 kB | 22/26 kB | 61 kB | 8.2 kB
Progress (5): 72/171 kB | 64/118 kB | 23/26 kB | 61 kB | 8.2 kB
Progress (5): 72/171 kB | 68/118 kB | 23/26 kB | 61 kB | 8.2 kB
Progress (5): 72/171 kB | 68/118 kB | 25/26 kB | 61 kB | 8.2 kB
Progress (5): 72/171 kB | 68/118 kB | 26 kB | 61 kB | 8.2 kB   
Progress (5): 72/171 kB | 73/118 kB | 26 kB | 61 kB | 8.2 kB
Progress (5): 76/171 kB | 73/118 kB | 26 kB | 61 kB | 8.2 kB
Progress (5): 76/171 kB | 77/118 kB | 26 kB | 61 kB | 8.2 kB
Progress (5): 80/171 kB | 77/118 kB | 26 kB | 61 kB | 8.2 kB
Progress (5): 80/171 kB | 81/118 kB | 26 kB | 61 kB | 8.2 kB
Progress (5): 84/171 kB | 81/118 kB | 26 kB | 61 kB | 8.2 kB
Progress (5): 84/171 kB | 85/118 kB | 26 kB | 61 kB | 8.2 kB
Progress (5): 89/171 kB | 85/118 kB | 26 kB | 61 kB | 8.2 kB
                                                            
Downloaded from central: https://repo.maven.apache.org/maven2/org/apache/maven/shared/maven-common-artifact-filters/3.1.1/maven-common-artifact-filters-3.1.1.jar (61 kB at 367 kB/s)
Progress (4): 93/171 kB | 85/118 kB | 26 kB | 8.2 kB
                                                    
Downloading from central: https://repo.maven.apache.org/maven2/commons-io/commons-io/2.12.0/commons-io-2.12.0.jar
Downloaded from central: https://repo.maven.apache.org/maven2/org/apache/maven/surefire/surefire-extensions-spi/3.1.2/surefire-extensions-spi-3.1.2.jar (8.2 kB at 47 kB/s)
Downloading from central: https://repo.maven.apache.org/maven2/org/apache/maven/surefire/surefire-shared-utils/3.1.2/surefire-shared-utils-3.1.2.jar
Downloaded from central: https://repo.maven.apache.org/maven2/org/apache/maven/surefire/surefire-extensions-api/3.1.2/surefire-extensions-api-3.1.2.jar (26 kB at 147 kB/s)
Progress (2): 93/171 kB | 89/118 kB
Progress (2): 93/171 kB | 94/118 kB
Progress (2): 93/171 kB | 98/118 kB
Progress (2): 97/171 kB | 98/118 kB
Progress (2): 97/171 kB | 102/118 kB
Progress (2): 97/171 kB | 106/118 kB
Progress (2): 97/171 kB | 111/118 kB
Progress (2): 101/171 kB | 111/118 kB
Progress (2): 101/171 kB | 115/118 kB
Progress (2): 105/171 kB | 115/118 kB
Progress (2): 105/171 kB | 118 kB    
Progress (2): 110/171 kB | 118 kB
Progress (2): 114/171 kB | 118 kB
Progress (2): 118/171 kB | 118 kB
Progress (2): 122/171 kB | 118 kB
Progress (2): 127/171 kB | 118 kB
Progress (2): 131/171 kB | 118 kB
Progress (2): 135/171 kB | 118 kB
Progress (2): 135/171 kB | 118 kB
Progress (2): 139/171 kB | 118 kB
Progress (2): 144/171 kB | 118 kB
Progress (2): 148/171 kB | 118 kB
Progress (2): 152/171 kB | 118 kB
Progress (2): 156/171 kB | 118 kB
Progress (2): 161/171 kB | 118 kB
Progress (2): 165/171 kB | 118 kB
Progress (2): 169/171 kB | 118 kB
Progress (2): 171 kB | 118 kB    
                             
Downloaded from central: https://repo.maven.apache.org/maven2/org/apache/maven/surefire/surefire-booter/3.1.2/surefire-booter-3.1.2.jar (118 kB at 509 kB/s)
Downloaded from central: https://repo.maven.apache.org/maven2/org/apache/maven/surefire/surefire-api/3.1.2/surefire-api-3.1.2.jar (171 kB at 716 kB/s)
Progress (1): 0.9/474 kB
Progress (1): 2.3/474 kB
Progress (1): 3.6/474 kB
Progress (1): 5.0/474 kB
Progress (1): 6.4/474 kB
Progress (1): 7.7/474 kB
Progress (1): 9.1/474 kB
Progress (1): 10/474 kB 
Progress (1): 12/474 kB
Progress (1): 13/474 kB
Progress (1): 15/474 kB
Progress (1): 16/474 kB
Progress (1): 17/474 kB
Progress (1): 19/474 kB
Progress (1): 20/474 kB
Progress (1): 21/474 kB
Progress (1): 23/474 kB
Progress (1): 24/474 kB
Progress (1): 26/474 kB
Progress (1): 27/474 kB
Progress (1): 28/474 kB
Progress (1): 29/474 kB
Progress (1): 33/474 kB
Progress (1): 37/474 kB
Progress (1): 41/474 kB
Progress (1): 46/474 kB
Progress (1): 50/474 kB
Progress (1): 54/474 kB
Progress (1): 58/474 kB
Progress (2): 58/474 kB | 0/2.3 MB
Progress (2): 58/474 kB | 0/2.3 MB
Progress (2): 58/474 kB | 0/2.3 MB
Progress (2): 58/474 kB | 0/2.3 MB
Progress (2): 58/474 kB | 0/2.3 MB
Progress (2): 58/474 kB | 0/2.3 MB
Progress (2): 58/474 kB | 0/2.3 MB
Progress (2): 58/474 kB | 0/2.3 MB
Progress (2): 58/474 kB | 0/2.3 MB
Progress (2): 58/474 kB | 0/2.3 MB
Progress (2): 58/474 kB | 0/2.3 MB
Progress (2): 58/474 kB | 0/2.3 MB
Progress (2): 58/474 kB | 0/2.3 MB
Progress (2): 58/474 kB | 0/2.3 MB
Progress (2): 58/474 kB | 0/2.3 MB
Progress (2): 58/474 kB | 0/2.3 MB
Progress (2): 58/474 kB | 0/2.3 MB
Progress (2): 58/474 kB | 0/2.3 MB
Progress (2): 58/474 kB | 0/2.3 MB
Progress (2): 58/474 kB | 0/2.3 MB
Progress (2): 58/474 kB | 0/2.3 MB
Progress (2): 58/474 kB | 0/2.3 MB
Progress (2): 58/474 kB | 0/2.3 MB
Progress (2): 58/474 kB | 0/2.3 MB
Progress (2): 58/474 kB | 0/2.3 MB
Progress (2): 58/474 kB | 0/2.3 MB
Progress (2): 58/474 kB | 0/2.3 MB
Progress (2): 58/474 kB | 0/2.3 MB
Progress (2): 58/474 kB | 0/2.3 MB
Progress (2): 58/474 kB | 0/2.3 MB
Progress (2): 58/474 kB | 0/2.3 MB
Progress (2): 58/474 kB | 0/2.3 MB
Progress (2): 58/474 kB | 0/2.3 MB
Progress (2): 58/474 kB | 0/2.3 MB
Progress (2): 58/474 kB | 0/2.3 MB
Progress (2): 58/474 kB | 0.1/2.3 MB
Progress (2): 58/474 kB | 0.1/2.3 MB
Progress (2): 63/474 kB | 0.1/2.3 MB
Progress (2): 67/474 kB | 0.1/2.3 MB
Progress (2): 71/474 kB | 0.1/2.3 MB
Progress (2): 75/474 kB | 0.1/2.3 MB
Progress (2): 79/474 kB | 0.1/2.3 MB
Progress (2): 84/474 kB | 0.1/2.3 MB
Progress (2): 88/474 kB | 0.1/2.3 MB
Progress (2): 92/474 kB | 0.1/2.3 MB
Progress (2): 96/474 kB | 0.1/2.3 MB
Progress (2): 101/474 kB | 0.1/2.3 MB
Progress (2): 105/474 kB | 0.1/2.3 MB
Progress (2): 109/474 kB | 0.1/2.3 MB
Progress (2): 113/474 kB | 0.1/2.3 MB
Progress (2): 117/474 kB | 0.1/2.3 MB
Progress (2): 122/474 kB | 0.1/2.3 MB
Progress (2): 126/474 kB | 0.1/2.3 MB
Progress (2): 130/474 kB | 0.1/2.3 MB
Progress (2): 134/474 kB | 0.1/2.3 MB
Progress (2): 139/474 kB | 0.1/2.3 MB
Progress (2): 143/474 kB | 0.1/2.3 MB
Progress (2): 147/474 kB | 0.1/2.3 MB
Progress (2): 151/474 kB | 0.1/2.3 MB
Progress (2): 156/474 kB | 0.1/2.3 MB
Progress (2): 160/474 kB | 0.1/2.3 MB
Progress (2): 164/474 kB | 0.1/2.3 MB
Progress (2): 168/474 kB | 0.1/2.3 MB
Progress (2): 172/474 kB | 0.1/2.3 MB
Progress (2): 177/474 kB | 0.1/2.3 MB
Progress (2): 181/474 kB | 0.1/2.3 MB
Progress (2): 181/474 kB | 0.1/2.3 MB
Progress (2): 181/474 kB | 0.1/2.3 MB
Progress (2): 185/474 kB | 0.1/2.3 MB
Progress (2): 189/474 kB | 0.1/2.3 MB
Progress (2): 194/474 kB | 0.1/2.3 MB
Progress (2): 194/474 kB | 0.1/2.3 MB
Progress (2): 194/474 kB | 0.1/2.3 MB
Progress (2): 210/474 kB | 0.1/2.3 MB
Progress (2): 210/474 kB | 0.1/2.3 MB
Progress (2): 226/474 kB | 0.1/2.3 MB
Progress (2): 226/474 kB | 0.1/2.3 MB
Progress (2): 226/474 kB | 0.1/2.3 MB
Progress (2): 226/474 kB | 0.1/2.3 MB
Progress (2): 226/474 kB | 0.1/2.3 MB
Progress (2): 226/474 kB | 0.1/2.3 MB
Progress (2): 243/474 kB | 0.1/2.3 MB
Progress (2): 243/474 kB | 0.1/2.3 MB
Progress (2): 243/474 kB | 0.1/2.3 MB
Progress (2): 259/474 kB | 0.1/2.3 MB
Progress (2): 259/474 kB | 0.1/2.3 MB
Progress (2): 259/474 kB | 0.1/2.3 MB
Progress (2): 259/474 kB | 0.1/2.3 MB
Progress (2): 275/474 kB | 0.1/2.3 MB
Progress (2): 291/474 kB | 0.1/2.3 MB
Progress (2): 292/474 kB | 0.1/2.3 MB
Progress (2): 308/474 kB | 0.1/2.3 MB
Progress (2): 325/474 kB | 0.1/2.3 MB
Progress (2): 341/474 kB | 0.1/2.3 MB
Progress (2): 357/474 kB | 0.1/2.3 MB
Progress (2): 374/474 kB | 0.1/2.3 MB
Progress (2): 390/474 kB | 0.1/2.3 MB
Progress (2): 407/474 kB | 0.1/2.3 MB
Progress (2): 407/474 kB | 0.1/2.3 MB
Progress (2): 407/474 kB | 0.1/2.3 MB
Progress (2): 407/474 kB | 0.1/2.3 MB
Progress (2): 422/474 kB | 0.1/2.3 MB
Progress (2): 422/474 kB | 0.1/2.3 MB
Progress (2): 423/474 kB | 0.1/2.3 MB
Progress (2): 423/474 kB | 0.1/2.3 MB
Progress (2): 423/474 kB | 0.1/2.3 MB
Progress (2): 423/474 kB | 0.2/2.3 MB
Progress (2): 423/474 kB | 0.2/2.3 MB
Progress (2): 423/474 kB | 0.2/2.3 MB
Progress (2): 439/474 kB | 0.2/2.3 MB
Progress (2): 456/474 kB | 0.2/2.3 MB
Progress (2): 472/474 kB | 0.2/2.3 MB
Progress (2): 474 kB | 0.2/2.3 MB    
Progress (2): 474 kB | 0.2/2.3 MB
Progress (2): 474 kB | 0.2/2.3 MB
Progress (2): 474 kB | 0.2/2.3 MB
Progress (2): 474 kB | 0.2/2.3 MB
Progress (2): 474 kB | 0.2/2.3 MB
Progress (2): 474 kB | 0.2/2.3 MB
Progress (2): 474 kB | 0.2/2.3 MB
Progress (2): 474 kB | 0.2/2.3 MB
Progress (2): 474 kB | 0.2/2.3 MB
Progress (2): 474 kB | 0.2/2.3 MB
Progress (2): 474 kB | 0.2/2.3 MB
Progress (2): 474 kB | 0.2/2.3 MB
Progress (2): 474 kB | 0.2/2.3 MB
Progress (2): 474 kB | 0.2/2.3 MB
Progress (2): 474 kB | 0.2/2.3 MB
                                 
Downloaded from central: https://repo.maven.apache.org/maven2/commons-io/commons-io/2.12.0/commons-io-2.12.0.jar (474 kB at 1.3 MB/s)
Progress (1): 0.3/2.3 MB
Progress (1): 0.3/2.3 MB
Progress (1): 0.3/2.3 MB
Progress (1): 0.3/2.3 MB
Progress (1): 0.3/2.3 MB
Progress (1): 0.3/2.3 MB
Progress (1): 0.4/2.3 MB
Progress (1): 0.4/2.3 MB
Progress (1): 0.4/2.3 MB
Progress (1): 0.4/2.3 MB
Progress (1): 0.4/2.3 MB
Progress (1): 0.4/2.3 MB
Progress (1): 0.5/2.3 MB
Progress (1): 0.5/2.3 MB
Progress (1): 0.5/2.3 MB
Progress (1): 0.5/2.3 MB
Progress (1): 0.5/2.3 MB
Progress (1): 0.5/2.3 MB
Progress (1): 0.5/2.3 MB
Progress (1): 0.6/2.3 MB
Progress (1): 0.6/2.3 MB
Progress (1): 0.6/2.3 MB
Progress (1): 0.6/2.3 MB
Progress (1): 0.6/2.3 MB
Progress (1): 0.6/2.3 MB
Progress (1): 0.7/2.3 MB
Progress (1): 0.7/2.3 MB
Progress (1): 0.7/2.3 MB
Progress (1): 0.7/2.3 MB
Progress (1): 0.7/2.3 MB
Progress (1): 0.7/2.3 MB
Progress (1): 0.8/2.3 MB
Progress (1): 0.8/2.3 MB
Progress (1): 0.8/2.3 MB
Progress (1): 0.8/2.3 MB
Progress (1): 0.8/2.3 MB
Progress (1): 0.8/2.3 MB
Progress (1): 0.9/2.3 MB
Progress (1): 0.9/2.3 MB
Progress (1): 0.9/2.3 MB
Progress (1): 0.9/2.3 MB
Progress (1): 0.9/2.3 MB
Progress (1): 0.9/2.3 MB
Progress (1): 1.0/2.3 MB
Progress (1): 1.0/2.3 MB
Progress (1): 1.0/2.3 MB
Progress (1): 1.0/2.3 MB
Progress (1): 1.0/2.3 MB
Progress (1): 1.0/2.3 MB
Progress (1): 1.1/2.3 MB
Progress (1): 1.1/2.3 MB
Progress (1): 1.1/2.3 MB
Progress (1): 1.1/2.3 MB
Progress (1): 1.1/2.3 MB
Progress (1): 1.1/2.3 MB
Progress (1): 1.2/2.3 MB
Progress (1): 1.2/2.3 MB
Progress (1): 1.2/2.3 MB
Progress (1): 1.2/2.3 MB
Progress (1): 1.2/2.3 MB
Progress (1): 1.2/2.3 MB
Progress (1): 1.3/2.3 MB
Progress (1): 1.3/2.3 MB
Progress (1): 1.3/2.3 MB
Progress (1): 1.3/2.3 MB
Progress (1): 1.3/2.3 MB
Progress (1): 1.3/2.3 MB
Progress (1): 1.4/2.3 MB
Progress (1): 1.4/2.3 MB
Progress (1): 1.4/2.3 MB
Progress (1): 1.4/2.3 MB
Progress (1): 1.4/2.3 MB
Progress (1): 1.4/2.3 MB
Progress (1): 1.4/2.3 MB
Progress (1): 1.5/2.3 MB
Progress (1): 1.5/2.3 MB
Progress (1): 1.5/2.3 MB
Progress (1): 1.5/2.3 MB
Progress (1): 1.5/2.3 MB
Progress (1): 1.5/2.3 MB
Progress (1): 1.6/2.3 MB
Progress (1): 1.6/2.3 MB
Progress (1): 1.6/2.3 MB
Progress (1): 1.6/2.3 MB
Progress (1): 1.6/2.3 MB
Progress (1): 1.6/2.3 MB
Progress (1): 1.7/2.3 MB
Progress (1): 1.7/2.3 MB
Progress (1): 1.7/2.3 MB
Progress (1): 1.7/2.3 MB
Progress (1): 1.7/2.3 MB
Progress (1): 1.7/2.3 MB
Progress (1): 1.8/2.3 MB
Progress (1): 1.8/2.3 MB
Progress (1): 1.8/2.3 MB
Progress (1): 1.8/2.3 MB
Progress (1): 1.8/2.3 MB
Progress (1): 1.8/2.3 MB
Progress (1): 1.9/2.3 MB
Progress (1): 1.9/2.3 MB
Progress (1): 1.9/2.3 MB
Progress (1): 1.9/2.3 MB
Progress (1): 1.9/2.3 MB
Progress (1): 1.9/2.3 MB
Progress (1): 2.0/2.3 MB
Progress (1): 2.0/2.3 MB
Progress (1): 2.0/2.3 MB
Progress (1): 2.0/2.3 MB
Progress (1): 2.0/2.3 MB
Progress (1): 2.0/2.3 MB
Progress (1): 2.1/2.3 MB
Progress (1): 2.1/2.3 MB
Progress (1): 2.1/2.3 MB
Progress (1): 2.1/2.3 MB
Progress (1): 2.1/2.3 MB
Progress (1): 2.1/2.3 MB
Progress (1): 2.2/2.3 MB
Progress (1): 2.2/2.3 MB
Progress (1): 2.2/2.3 MB
Progress (1): 2.2/2.3 MB
Progress (1): 2.2/2.3 MB
Progress (1): 2.2/2.3 MB
Progress (1): 2.3/2.3 MB
Progress (1): 2.3/2.3 MB
Progress (1): 2.3/2.3 MB
Progress (1): 2.3/2.3 MB
Progress (1): 2.3/2.3 MB
Progress (1): 2.3/2.3 MB
Progress (1): 2.3 MB    
                    
Downloaded from central: https://repo.maven.apache.org/maven2/org/apache/maven/surefire/surefire-shared-utils/3.1.2/surefire-shared-utils-3.1.2.jar (2.3 MB at 3.7 MB/s)
[INFO] Tests are skipped.
[INFO] 
[INFO] --- jar:3.3.0:jar (default-jar) @ prismhire-backend ---
Downloading from central: https://repo.maven.apache.org/maven2/org/apache/maven/shared/file-management/3.1.0/file-management-3.1.0.pom
Progress (1): 794 B
Progress (1): 2.2 kB
Progress (1): 4.4 kB
Progress (1): 4.5 kB
                    
Downloaded from central: https://repo.maven.apache.org/maven2/org/apache/maven/shared/file-management/3.1.0/file-management-3.1.0.pom (4.5 kB at 63 kB/s)
Downloading from central: https://repo.maven.apache.org/maven2/org/apache/maven/shared/maven-shared-components/36/maven-shared-components-36.pom
Progress (1): 781 B
Progress (1): 2.3 kB
Progress (1): 4.5 kB
Progress (1): 4.9 kB
                    
Downloaded from central: https://repo.maven.apache.org/maven2/org/apache/maven/shared/maven-shared-components/36/maven-shared-components-36.pom (4.9 kB at 65 kB/s)
Downloading from central: https://repo.maven.apache.org/maven2/org/apache/maven/maven-parent/36/maven-parent-36.pom
Progress (1): 725 B
Progress (1): 1.9 kB
Progress (1): 5.4 kB
Progress (1): 9.7 kB
Progress (1): 14 kB 
Progress (1): 19 kB
Progress (1): 23 kB
Progress (1): 26 kB
Progress (1): 28 kB
Progress (1): 30 kB
Progress (1): 34 kB
Progress (1): 37 kB
Progress (1): 40 kB
Progress (1): 45 kB
Progress (1): 45 kB
                   
Downloaded from central: https://repo.maven.apache.org/maven2/org/apache/maven/maven-parent/36/maven-parent-36.pom (45 kB at 450 kB/s)
Downloading from central: https://repo.maven.apache.org/maven2/org/apache/apache/26/apache-26.pom
Progress (1): 744 B
Progress (1): 2.1 kB
Progress (1): 3.9 kB
Progress (1): 7.3 kB
Progress (1): 12 kB 
Progress (1): 16 kB
Progress (1): 19 kB
Progress (1): 21 kB
                   
Downloaded from central: https://repo.maven.apache.org/maven2/org/apache/apache/26/apache-26.pom (21 kB at 311 kB/s)
Downloading from central: https://repo.maven.apache.org/maven2/org/codehaus/plexus/plexus-utils/3.3.0/plexus-utils-3.3.0.pom
Progress (1): 801 B
Progress (1): 2.6 kB
Progress (1): 4.9 kB
Progress (1): 5.2 kB
                    
Downloaded from central: https://repo.maven.apache.org/maven2/org/codehaus/plexus/plexus-utils/3.3.0/plexus-utils-3.3.0.pom (5.2 kB at 89 kB/s)
Downloading from central: https://repo.maven.apache.org/maven2/org/apache/maven/maven-archiver/3.6.0/maven-archiver-3.6.0.pom
Progress (1): 796 B
Progress (1): 2.2 kB
Progress (1): 3.9 kB
                    
Downloaded from central: https://repo.maven.apache.org/maven2/org/apache/maven/maven-archiver/3.6.0/maven-archiver-3.6.0.pom (3.9 kB at 68 kB/s)
Downloading from central: https://repo.maven.apache.org/maven2/org/codehaus/plexus/plexus-io/3.4.0/plexus-io-3.4.0.pom
Progress (1): 1.2 kB
Progress (1): 3.8 kB
Progress (1): 6.0 kB
                    
Downloaded from central: https://repo.maven.apache.org/maven2/org/codehaus/plexus/plexus-io/3.4.0/plexus-io-3.4.0.pom (6.0 kB at 106 kB/s)
Downloading from central: https://repo.maven.apache.org/maven2/org/codehaus/plexus/plexus-archiver/4.4.0/plexus-archiver-4.4.0.pom
Progress (1): 1.2 kB
Progress (1): 4.0 kB
Progress (1): 6.2 kB
Progress (1): 6.3 kB
                    
Downloaded from central: https://repo.maven.apache.org/maven2/org/codehaus/plexus/plexus-archiver/4.4.0/plexus-archiver-4.4.0.pom (6.3 kB at 86 kB/s)
Downloading from central: https://repo.maven.apache.org/maven2/org/iq80/snappy/snappy/0.4/snappy-0.4.pom
Progress (1): 1.2 kB
Progress (1): 3.7 kB
Progress (1): 8.5 kB
Progress (1): 12 kB 
Progress (1): 15 kB
                   
Downloaded from central: https://repo.maven.apache.org/maven2/org/iq80/snappy/snappy/0.4/snappy-0.4.pom (15 kB at 189 kB/s)
Downloading from central: https://repo.maven.apache.org/maven2/org/tukaani/xz/1.9/xz-1.9.pom
Progress (1): 1.1 kB
Progress (1): 2.0 kB
                    
Downloaded from central: https://repo.maven.apache.org/maven2/org/tukaani/xz/1.9/xz-1.9.pom (2.0 kB at 12 kB/s)
Downloading from central: https://repo.maven.apache.org/maven2/org/codehaus/plexus/plexus-utils/3.4.2/plexus-utils-3.4.2.pom
Progress (1): 729 B
Progress (1): 2.3 kB
Progress (1): 4.7 kB
Progress (1): 8.2 kB
                    
Downloaded from central: https://repo.maven.apache.org/maven2/org/codehaus/plexus/plexus-utils/3.4.2/plexus-utils-3.4.2.pom (8.2 kB at 17 kB/s)
Downloading from central: https://repo.maven.apache.org/maven2/org/codehaus/plexus/plexus/8/plexus-8.pom
Progress (1): 696 B
Progress (1): 2.7 kB
Progress (1): 6.4 kB
Progress (1): 9.2 kB
Progress (1): 11 kB 
Progress (1): 15 kB
Progress (1): 20 kB
Progress (1): 24 kB
Progress (1): 25 kB
                   
Downloaded from central: https://repo.maven.apache.org/maven2/org/codehaus/plexus/plexus/8/plexus-8.pom (25 kB at 44 kB/s)
Downloading from central: https://repo.maven.apache.org/maven2/org/apache/maven/shared/file-management/3.1.0/file-management-3.1.0.jar
Progress (1): 7.7/36 kB
Progress (1): 12/36 kB 
Progress (1): 28/36 kB
Progress (1): 36 kB   
                   
Downloaded from central: https://repo.maven.apache.org/maven2/org/apache/maven/shared/file-management/3.1.0/file-management-3.1.0.jar (36 kB at 46 kB/s)
Downloading from central: https://repo.maven.apache.org/maven2/org/apache/maven/maven-archiver/3.6.0/maven-archiver-3.6.0.jar
Downloading from central: https://repo.maven.apache.org/maven2/org/codehaus/plexus/plexus-io/3.4.0/plexus-io-3.4.0.jar
Downloading from central: https://repo.maven.apache.org/maven2/org/codehaus/plexus/plexus-archiver/4.4.0/plexus-archiver-4.4.0.jar
Downloading from central: https://repo.maven.apache.org/maven2/org/iq80/snappy/snappy/0.4/snappy-0.4.jar
Downloading from central: https://repo.maven.apache.org/maven2/org/tukaani/xz/1.9/xz-1.9.jar
Progress (1): 3.8/211 kB
Progress (1): 8.0/211 kB
Progress (1): 12/211 kB 
Progress (1): 12/211 kB
Progress (1): 17/211 kB
Progress (1): 21/211 kB
Progress (1): 25/211 kB
Progress (2): 25/211 kB | 3.8/79 kB
Progress (2): 25/211 kB | 8.0/79 kB
Progress (2): 25/211 kB | 12/79 kB 
Progress (3): 25/211 kB | 12/79 kB | 7.7/116 kB
Progress (3): 25/211 kB | 16/79 kB | 7.7/116 kB
Progress (3): 25/211 kB | 16/79 kB | 12/116 kB 
Progress (3): 25/211 kB | 21/79 kB | 12/116 kB
Progress (3): 29/211 kB | 21/79 kB | 12/116 kB
Progress (3): 29/211 kB | 25/79 kB | 12/116 kB
Progress (3): 33/211 kB | 25/79 kB | 12/116 kB
Progress (3): 38/211 kB | 25/79 kB | 12/116 kB
Progress (3): 38/211 kB | 29/79 kB | 12/116 kB
Progress (3): 42/211 kB | 29/79 kB | 12/116 kB
Progress (3): 42/211 kB | 29/79 kB | 28/116 kB
Progress (3): 46/211 kB | 29/79 kB | 28/116 kB
Progress (3): 50/211 kB | 29/79 kB | 28/116 kB
Progress (4): 50/211 kB | 29/79 kB | 28/116 kB | 7.7/26 kB
Progress (4): 50/211 kB | 29/79 kB | 44/116 kB | 7.7/26 kB
Progress (4): 50/211 kB | 29/79 kB | 44/116 kB | 16/26 kB 
Progress (4): 50/211 kB | 29/79 kB | 61/116 kB | 16/26 kB
Progress (4): 50/211 kB | 29/79 kB | 77/116 kB | 16/26 kB
Progress (4): 50/211 kB | 29/79 kB | 93/116 kB | 16/26 kB
Progress (4): 50/211 kB | 29/79 kB | 110/116 kB | 16/26 kB
Progress (4): 50/211 kB | 29/79 kB | 116 kB | 16/26 kB    
Progress (4): 55/211 kB | 29/79 kB | 116 kB | 16/26 kB
Progress (4): 59/211 kB | 29/79 kB | 116 kB | 16/26 kB
Progress (4): 61/211 kB | 29/79 kB | 116 kB | 16/26 kB
Progress (4): 66/211 kB | 29/79 kB | 116 kB | 16/26 kB
Progress (4): 70/211 kB | 29/79 kB | 116 kB | 16/26 kB
Progress (4): 74/211 kB | 29/79 kB | 116 kB | 16/26 kB
Progress (4): 78/211 kB | 29/79 kB | 116 kB | 16/26 kB
Progress (4): 83/211 kB | 29/79 kB | 116 kB | 16/26 kB
Progress (4): 87/211 kB | 29/79 kB | 116 kB | 16/26 kB
                                                      
Downloaded from central: https://repo.maven.apache.org/maven2/org/tukaani/xz/1.9/xz-1.9.jar (116 kB at 928 kB/s)
Downloading from central: https://repo.maven.apache.org/maven2/org/codehaus/plexus/plexus-utils/3.4.2/plexus-utils-3.4.2.jar
Progress (3): 87/211 kB | 29/79 kB | 26 kB
Progress (3): 91/211 kB | 29/79 kB | 26 kB
Progress (3): 91/211 kB | 33/79 kB | 26 kB
Progress (3): 91/211 kB | 38/79 kB | 26 kB
Progress (3): 91/211 kB | 42/79 kB | 26 kB
Progress (3): 91/211 kB | 46/79 kB | 26 kB
Progress (3): 95/211 kB | 46/79 kB | 26 kB
Progress (3): 100/211 kB | 46/79 kB | 26 kB
                                           
Downloaded from central: https://repo.maven.apache.org/maven2/org/apache/maven/maven-archiver/3.6.0/maven-archiver-3.6.0.jar (26 kB at 196 kB/s)
Progress (2): 100/211 kB | 62/79 kB
Progress (2): 100/211 kB | 79/79 kB
Progress (2): 100/211 kB | 79 kB   
Progress (2): 116/211 kB | 79 kB
Progress (2): 127/211 kB | 79 kB
Progress (3): 127/211 kB | 79 kB | 16/58 kB
                                           
Downloaded from central: https://repo.maven.apache.org/maven2/org/codehaus/plexus/plexus-io/3.4.0/plexus-io-3.4.0.jar (79 kB at 559 kB/s)
Progress (2): 127/211 kB | 33/58 kB
Progress (2): 127/211 kB | 49/58 kB
Progress (2): 143/211 kB | 49/58 kB
Progress (2): 160/211 kB | 49/58 kB
Progress (2): 160/211 kB | 58 kB   
Progress (2): 176/211 kB | 58 kB
                                
Downloaded from central: https://repo.maven.apache.org/maven2/org/iq80/snappy/snappy/0.4/snappy-0.4.jar (58 kB at 362 kB/s)
Progress (1): 193/211 kB
Progress (1): 209/211 kB
Progress (1): 211 kB    
                    
Downloaded from central: https://repo.maven.apache.org/maven2/org/codehaus/plexus/plexus-archiver/4.4.0/plexus-archiver-4.4.0.jar (211 kB at 1.2 MB/s)
Progress (1): 7.7/267 kB
Progress (1): 16/267 kB 
Progress (1): 32/267 kB
Progress (1): 48/267 kB
Progress (1): 65/267 kB
Progress (1): 81/267 kB
Progress (1): 98/267 kB
Progress (1): 114/267 kB
Progress (1): 130/267 kB
Progress (1): 147/267 kB
Progress (1): 163/267 kB
Progress (1): 179/267 kB
Progress (1): 196/267 kB
Progress (1): 212/267 kB
Progress (1): 229/267 kB
Progress (1): 245/267 kB
Progress (1): 261/267 kB
Progress (1): 267 kB    
                    
Downloaded from central: https://repo.maven.apache.org/maven2/org/codehaus/plexus/plexus-utils/3.4.2/plexus-utils-3.4.2.jar (267 kB at 1.1 MB/s)
[INFO] Building jar: C:\Users\chait\Desktop\WEB\PRISMHIRE\Prism Hire\server-java\target\prismhire-backend-0.0.1-SNAPSHOT.jar
[INFO] 
[INFO] --- spring-boot:3.2.3:repackage (repackage) @ prismhire-backend ---
[INFO] ------------------------------------------------------------------------
[INFO] BUILD FAILURE
[INFO] ------------------------------------------------------------------------
[INFO] Total time:  17.733 s
[INFO] Finished at: 2026-03-11T20:05:30+05:30
[INFO] ------------------------------------------------------------------------
[ERROR] Failed to execute goal org.springframework.boot:spring-boot-maven-plugin:3.2.3:repackage (repackage) on project prismhire-backend: Execution repackage of goal org.springframework.boot:spring-boot-maven-plugin:3.2.3:repackage failed: Unsupported class file major version 69 -> [Help 1]
[ERROR] 
[ERROR] To see the full stack trace of the errors, re-run Maven with the -e switch.
[ERROR] Re-run Maven using the -X switch to enable full debug logging.
[ERROR] 
[ERROR] For more information about the errors and possible solutions, please read the following articles:
[ERROR] [Help 1] http://cwiki.apache.org/confluence/display/MAVEN/PluginExecutionException
