[INFO] Scanning for projects...
[INFO] 
[INFO] ------------------< com.prismhire:prismhire-backend >-------------------
[INFO] Building prismhire-backend 0.0.1-SNAPSHOT
[INFO]   from pom.xml
[INFO] --------------------------------[ jar ]---------------------------------
[INFO] 
[INFO] --- clean:3.3.2:clean (default-clean) @ prismhire-backend ---
[INFO] Deleting C:\Users\chait\Desktop\WEB\PRISMHIRE\Prism Hire\server-java\target
[INFO] 
[INFO] --- resources:3.3.1:resources (default-resources) @ prismhire-backend ---
[INFO] Copying 1 resource from src\main\resources to target\classes
[INFO] Copying 1 resource from src\main\resources to target\classes
[INFO] 
[INFO] --- compiler:3.11.0:compile (default-compile) @ prismhire-backend ---
[INFO] Changes detected - recompiling the module! :source
[INFO] Compiling 31 source files with javac [debug release 25] to target\classes
[INFO] 
[INFO] --- resources:3.3.1:testResources (default-testResources) @ prismhire-backend ---
[INFO] skip non existing resourceDirectory C:\Users\chait\Desktop\WEB\PRISMHIRE\Prism Hire\server-java\src\test\resources
[INFO] 
[INFO] --- compiler:3.11.0:testCompile (default-testCompile) @ prismhire-backend ---
[INFO] No sources to compile
[INFO] 
[INFO] --- surefire:3.1.2:test (default-test) @ prismhire-backend ---
[INFO] Tests are skipped.
[INFO] 
[INFO] --- jar:3.3.0:jar (default-jar) @ prismhire-backend ---
[INFO] Building jar: C:\Users\chait\Desktop\WEB\PRISMHIRE\Prism Hire\server-java\target\prismhire-backend-0.0.1-SNAPSHOT.jar
[INFO] 
[INFO] --- spring-boot:3.2.3:repackage (repackage) @ prismhire-backend ---
[INFO] Replacing main artifact C:\Users\chait\Desktop\WEB\PRISMHIRE\Prism Hire\server-java\target\prismhire-backend-0.0.1-SNAPSHOT.jar with repackaged archive, adding nested dependencies in BOOT-INF/.
[INFO] The original artifact has been renamed to C:\Users\chait\Desktop\WEB\PRISMHIRE\Prism Hire\server-java\target\prismhire-backend-0.0.1-SNAPSHOT.jar.original
[INFO] 
[INFO] --- spring-boot:3.2.3:repackage (default) @ prismhire-backend ---
[INFO] Replacing main artifact C:\Users\chait\Desktop\WEB\PRISMHIRE\Prism Hire\server-java\target\prismhire-backend-0.0.1-SNAPSHOT.jar with repackaged archive, adding nested dependencies in BOOT-INF/.
[INFO] The original artifact has been renamed to C:\Users\chait\Desktop\WEB\PRISMHIRE\Prism Hire\server-java\target\prismhire-backend-0.0.1-SNAPSHOT.jar.original
[INFO] ------------------------------------------------------------------------
[INFO] BUILD SUCCESS
[INFO] ------------------------------------------------------------------------
[INFO] Total time:  10.119 s
[INFO] Finished at: 2026-03-11T20:11:52+05:30
[INFO] ------------------------------------------------------------------------
