[INFO] Scanning for projects...
[INFO] 
[INFO] ------------------< com.prismhire:prismhire-backend >-------------------
[INFO] Building prismhire-backend 0.0.1-SNAPSHOT
[INFO]   from pom.xml
[INFO] --------------------------------[ jar ]---------------------------------
[INFO] 
[INFO] --- clean:3.3.2:clean (default-clean) @ prismhire-backend ---
[INFO] Deleting C:\Users\chait\Desktop\WEB\PRISMHIRE\Prism Hire\server-java\target
[INFO] 
[INFO] --- resources:3.3.1:resources (default-resources) @ prismhire-backend ---
[INFO] Copying 1 resource from src\main\resources to target\classes
[INFO] Copying 1 resource from src\main\resources to target\classes
[INFO] 
[INFO] --- compiler:3.11.0:compile (default-compile) @ prismhire-backend ---
[INFO] Changes detected - recompiling the module! :source
[INFO] Compiling 31 source files with javac [debug release 25] to target\classes
[INFO] ------------------------------------------------------------------------
[INFO] BUILD SUCCESS
[INFO] ------------------------------------------------------------------------
[INFO] Total time:  4.149 s
[INFO] Finished at: 2026-03-11T19:56:34+05:30
[INFO] ------------------------------------------------------------------------
