Standard Commons Logging discovery in action with spring-jcl: please remove commons-logging.jar from classpath in order to avoid potential conflicts

  .   ____          _            __ _ _
 /\\ / ___'_ __ _ _(_)_ __  __ _ \ \ \ \
( ( )\___ | '_ | '_| | '_ \/ _` | \ \ \ \
 \\/  ___)| |_)| | | | | || (_| |  ) ) ) )
  '  |____| .__|_| |_|_| |_\__, | / / / /
 =========|_|==============|___/=/_/_/_/
 :: Spring Boot ::                (v3.2.3)

2026-03-11T20:12:34.874+05:30  INFO 21132 --- [           main] com.prismhire.PrismHireApplication       : Starting PrismHireApplication v0.0.1-SNAPSHOT using Java 25.0.2 with PID 21132 (C:\Users\chait\Desktop\WEB\PRISMHIRE\Prism Hire\server-java\target\prismhire-backend-0.0.1-SNAPSHOT.jar started by chait in C:\Users\chait\Desktop\WEB\PRISMHIRE\Prism Hire\server-java)
2026-03-11T20:12:34.879+05:30  INFO 21132 --- [           main] com.prismhire.PrismHireApplication       : No active profile set, falling back to 1 default profile: "default"
2026-03-11T20:12:35.192+05:30  WARN 21132 --- [           main] ConfigServletWebServerApplicationContext : Exception encountered during context initialization - cancelling refresh attempt: org.springframework.beans.factory.BeanDefinitionStoreException: Incompatible class format in URL [jar:nested:/C:/Users/chait/Desktop/WEB/PRISMHIRE/Prism%20Hire/server-java/target/prismhire-backend-0.0.1-SNAPSHOT.jar/!BOOT-INF/classes/!/com/prismhire/controller/AuthController.class]: set system property 'spring.classformat.ignore' to 'true' if you mean to ignore such files during classpath scanning
2026-03-11T20:12:35.533+05:30 ERROR 21132 --- [           main] o.s.boot.SpringApplication               : Application run failed

org.springframework.beans.factory.BeanDefinitionStoreException: Incompatible class format in URL [jar:nested:/C:/Users/chait/Desktop/WEB/PRISMHIRE/Prism%20Hire/server-java/target/prismhire-backend-0.0.1-SNAPSHOT.jar/!BOOT-INF/classes/!/com/prismhire/controller/AuthController.class]: set system property 'spring.classformat.ignore' to 'true' if you mean to ignore such files during classpath scanning
	at org.springframework.context.annotation.ClassPathScanningCandidateComponentProvider.scanCandidateComponents(ClassPathScanningCandidateComponentProvider.java:504) ~[spring-context-6.1.4.jar!/:6.1.4]
	at org.springframework.context.annotation.ClassPathScanningCandidateComponentProvider.findCandidateComponents(ClassPathScanningCandidateComponentProvider.java:351) ~[spring-context-6.1.4.jar!/:6.1.4]
	at org.springframework.context.annotation.ClassPathBeanDefinitionScanner.doScan(ClassPathBeanDefinitionScanner.java:277) ~[spring-context-6.1.4.jar!/:6.1.4]
	at org.springframework.context.annotation.ComponentScanAnnotationParser.parse(ComponentScanAnnotationParser.java:128) ~[spring-context-6.1.4.jar!/:6.1.4]
	at org.springframework.context.annotation.ConfigurationClassParser.doProcessConfigurationClass(ConfigurationClassParser.java:306) ~[spring-context-6.1.4.jar!/:6.1.4]
	at org.springframework.context.annotation.ConfigurationClassParser.processConfigurationClass(ConfigurationClassParser.java:246) ~[spring-context-6.1.4.jar!/:6.1.4]
	at org.springframework.context.annotation.ConfigurationClassParser.parse(ConfigurationClassParser.java:197) ~[spring-context-6.1.4.jar!/:6.1.4]
	at org.springframework.context.annotation.ConfigurationClassParser.parse(ConfigurationClassParser.java:165) ~[spring-context-6.1.4.jar!/:6.1.4]
	at org.springframework.context.annotation.ConfigurationClassPostProcessor.processConfigBeanDefinitions(ConfigurationClassPostProcessor.java:416) ~[spring-context-6.1.4.jar!/:6.1.4]
	at org.springframework.context.annotation.ConfigurationClassPostProcessor.postProcessBeanDefinitionRegistry(ConfigurationClassPostProcessor.java:289) ~[spring-context-6.1.4.jar!/:6.1.4]
	at org.springframework.context.support.PostProcessorRegistrationDelegate.invokeBeanDefinitionRegistryPostProcessors(PostProcessorRegistrationDelegate.java:349) ~[spring-context-6.1.4.jar!/:6.1.4]
	at org.springframework.context.support.PostProcessorRegistrationDelegate.invokeBeanFactoryPostProcessors(PostProcessorRegistrationDelegate.java:118) ~[spring-context-6.1.4.jar!/:6.1.4]
	at org.springframework.context.support.AbstractApplicationContext.invokeBeanFactoryPostProcessors(AbstractApplicationContext.java:788) ~[spring-context-6.1.4.jar!/:6.1.4]
	at org.springframework.context.support.AbstractApplicationContext.refresh(AbstractApplicationContext.java:606) ~[spring-context-6.1.4.jar!/:6.1.4]
	at org.springframework.boot.web.servlet.context.ServletWebServerApplicationContext.refresh(ServletWebServerApplicationContext.java:146) ~[spring-boot-3.2.3.jar!/:3.2.3]
	at org.springframework.boot.SpringApplication.refresh(SpringApplication.java:754) ~[spring-boot-3.2.3.jar!/:3.2.3]
	at org.springframework.boot.SpringApplication.refreshContext(SpringApplication.java:456) ~[spring-boot-3.2.3.jar!/:3.2.3]
	at org.springframework.boot.SpringApplication.run(SpringApplication.java:334) ~[spring-boot-3.2.3.jar!/:3.2.3]
	at org.springframework.boot.SpringApplication.run(SpringApplication.java:1354) ~[spring-boot-3.2.3.jar!/:3.2.3]
	at org.springframework.boot.SpringApplication.run(SpringApplication.java:1343) ~[spring-boot-3.2.3.jar!/:3.2.3]
	at com.prismhire.PrismHireApplication.main(PrismHireApplication.java:9) ~[!/:0.0.1-SNAPSHOT]
	at java.base/jdk.internal.reflect.DirectMethodHandleAccessor.invoke(DirectMethodHandleAccessor.java:104) ~[na:na]
	at java.base/java.lang.reflect.Method.invoke(Method.java:565) ~[na:na]
	at org.springframework.boot.loader.launch.Launcher.launch(Launcher.java:91) ~[prismhire-backend-0.0.1-SNAPSHOT.jar:0.0.1-SNAPSHOT]
	at org.springframework.boot.loader.launch.Launcher.launch(Launcher.java:53) ~[prismhire-backend-0.0.1-SNAPSHOT.jar:0.0.1-SNAPSHOT]
	at org.springframework.boot.loader.launch.JarLauncher.main(JarLauncher.java:58) ~[prismhire-backend-0.0.1-SNAPSHOT.jar:0.0.1-SNAPSHOT]
Caused by: org.springframework.core.type.classreading.ClassFormatException: ASM ClassReader failed to parse class file - probably due to a new Java class file version that is not supported yet. Consider compiling with a lower '-target' or upgrade your framework version. Affected class: URL [jar:nested:/C:/Users/chait/Desktop/WEB/PRISMHIRE/Prism%20Hire/server-java/target/prismhire-backend-0.0.1-SNAPSHOT.jar/!BOOT-INF/classes/!/com/prismhire/controller/AuthController.class]
	at org.springframework.core.type.classreading.SimpleMetadataReader.getClassReader(SimpleMetadataReader.java:59) ~[spring-core-6.1.4.jar!/:6.1.4]
	at org.springframework.core.type.classreading.SimpleMetadataReader.<init>(SimpleMetadataReader.java:48) ~[spring-core-6.1.4.jar!/:6.1.4]
	at org.springframework.core.type.classreading.SimpleMetadataReaderFactory.getMetadataReader(SimpleMetadataReaderFactory.java:103) ~[spring-core-6.1.4.jar!/:6.1.4]
	at org.springframework.core.type.classreading.CachingMetadataReaderFactory.getMetadataReader(CachingMetadataReaderFactory.java:122) ~[spring-core-6.1.4.jar!/:6.1.4]
	at org.springframework.context.annotation.ClassPathScanningCandidateComponentProvider.scanCandidateComponents(ClassPathScanningCandidateComponentProvider.java:470) ~[spring-context-6.1.4.jar!/:6.1.4]
	... 25 common frames omitted
Caused by: java.lang.IllegalArgumentException: Unsupported class file major version 69
	at org.springframework.asm.ClassReader.<init>(ClassReader.java:199) ~[spring-core-6.1.4.jar!/:6.1.4]
	at org.springframework.asm.ClassReader.<init>(ClassReader.java:180) ~[spring-core-6.1.4.jar!/:6.1.4]
	at org.springframework.asm.ClassReader.<init>(ClassReader.java:166) ~[spring-core-6.1.4.jar!/:6.1.4]
	at org.springframework.asm.ClassReader.<init>(ClassReader.java:287) ~[spring-core-6.1.4.jar!/:6.1.4]
	at org.springframework.core.type.classreading.SimpleMetadataReader.getClassReader(SimpleMetadataReader.java:56) ~[spring-core-6.1.4.jar!/:6.1.4]
	... 29 common frames omitted

